<?xml version="1.0" encoding="UTF-8"?>
<testsuite xmlns:xsi="http://www.w3.org/2001/XMLSchema-instance" xsi:noNamespaceSchemaLocation="https://maven.apache.org/surefire/maven-surefire-plugin/xsd/surefire-test-report.xsd" name="TestSuite" time="211.313" tests="9" errors="0" skipped="1" failures="1">
  <properties>
    <property name="sun.desktop" value="windows"/>
    <property name="awt.toolkit" value="sun.awt.windows.WToolkit"/>
    <property name="file.encoding.pkg" value="sun.io"/>
    <property name="java.specification.version" value="1.8"/>
    <property name="sun.cpu.isalist" value="amd64"/>
    <property name="sun.jnu.encoding" value="Cp1252"/>
    <property name="java.class.path" value="D:\eclipseprojects\NationalGuardUSA\target\test-classes;D:\eclipseprojects\NationalGuardUSA\target\classes;C:\Users\ajay\.m2\repository\junit\junit\4.11\junit-4.11.jar;C:\Users\ajay\.m2\repository\org\hamcrest\hamcrest-core\1.3\hamcrest-core-1.3.jar;C:\Users\ajay\.m2\repository\org\apache\poi\poi\3.6\poi-3.6.jar;C:\Users\ajay\.m2\repository\commons-logging\commons-logging\1.1\commons-logging-1.1.jar;C:\Users\ajay\.m2\repository\logkit\logkit\1.0.1\logkit-1.0.1.jar;C:\Users\ajay\.m2\repository\avalon-framework\avalon-framework\4.1.3\avalon-framework-4.1.3.jar;C:\Users\ajay\.m2\repository\javax\servlet\servlet-api\2.3\servlet-api-2.3.jar;C:\Users\ajay\.m2\repository\log4j\log4j\1.2.13\log4j-1.2.13.jar;C:\Users\ajay\.m2\repository\org\apache\poi\poi-ooxml\3.6\poi-ooxml-3.6.jar;C:\Users\ajay\.m2\repository\org\apache\poi\poi-ooxml-schemas\3.6\poi-ooxml-schemas-3.6.jar;C:\Users\ajay\.m2\repository\org\apache\geronimo\specs\geronimo-stax-api_1.0_spec\1.0\geronimo-stax-api_1.0_spec-1.0.jar;C:\Users\ajay\.m2\repository\dom4j\dom4j\1.1\dom4j-1.1.jar;C:\Users\ajay\.m2\repository\org\apache\xmlbeans\xmlbeans\2.3.0\xmlbeans-2.3.0.jar;C:\Users\ajay\.m2\repository\stax\stax-api\1.0.1\stax-api-1.0.1.jar;C:\Users\ajay\.m2\repository\org\seleniumhq\selenium\selenium-java\3.141.59\selenium-java-3.141.59.jar;C:\Users\ajay\.m2\repository\org\seleniumhq\selenium\selenium-api\3.141.59\selenium-api-3.141.59.jar;C:\Users\ajay\.m2\repository\org\seleniumhq\selenium\selenium-chrome-driver\3.141.59\selenium-chrome-driver-3.141.59.jar;C:\Users\ajay\.m2\repository\org\seleniumhq\selenium\selenium-edge-driver\3.141.59\selenium-edge-driver-3.141.59.jar;C:\Users\ajay\.m2\repository\org\seleniumhq\selenium\selenium-firefox-driver\3.141.59\selenium-firefox-driver-3.141.59.jar;C:\Users\ajay\.m2\repository\org\seleniumhq\selenium\selenium-ie-driver\3.141.59\selenium-ie-driver-3.141.59.jar;C:\Users\ajay\.m2\repository\org\seleniumhq\selenium\selenium-opera-driver\3.141.59\selenium-opera-driver-3.141.59.jar;C:\Users\ajay\.m2\repository\org\seleniumhq\selenium\selenium-remote-driver\3.141.59\selenium-remote-driver-3.141.59.jar;C:\Users\ajay\.m2\repository\org\seleniumhq\selenium\selenium-safari-driver\3.141.59\selenium-safari-driver-3.141.59.jar;C:\Users\ajay\.m2\repository\org\seleniumhq\selenium\selenium-support\3.141.59\selenium-support-3.141.59.jar;C:\Users\ajay\.m2\repository\net\bytebuddy\byte-buddy\1.8.15\byte-buddy-1.8.15.jar;C:\Users\ajay\.m2\repository\org\apache\commons\commons-exec\1.3\commons-exec-1.3.jar;C:\Users\ajay\.m2\repository\com\squareup\okhttp3\okhttp\3.11.0\okhttp-3.11.0.jar;C:\Users\ajay\.m2\repository\com\squareup\okio\okio\1.14.0\okio-1.14.0.jar;C:\Users\ajay\.m2\repository\com\aventstack\extentreports\3.1.2\extentreports-3.1.2.jar;C:\Users\ajay\.m2\repository\org\freemarker\freemarker\2.3.23\freemarker-2.3.23.jar;C:\Users\ajay\.m2\repository\org\mongodb\mongodb-driver\3.3.0\mongodb-driver-3.3.0.jar;C:\Users\ajay\.m2\repository\org\mongodb\bson\3.3.0\bson-3.3.0.jar;C:\Users\ajay\.m2\repository\org\mongodb\mongodb-driver-core\3.3.0\mongodb-driver-core-3.3.0.jar;C:\Users\ajay\.m2\repository\org\apache\httpcomponents\httpmime\4.5.2\httpmime-4.5.2.jar;C:\Users\ajay\.m2\repository\org\jsoup\jsoup\1.9.2\jsoup-1.9.2.jar;C:\Users\ajay\.m2\repository\org\testng\testng\6.10\testng-6.10.jar;C:\Users\ajay\.m2\repository\com\beust\jcommander\1.48\jcommander-1.48.jar;C:\Users\ajay\.m2\repository\com\google\code\gson\gson\2.8.1\gson-2.8.1.jar;C:\Users\ajay\.m2\repository\org\apache\httpcomponents\httpclient\4.3.3\httpclient-4.3.3.jar;C:\Users\ajay\.m2\repository\org\apache\httpcomponents\httpcore\4.3.2\httpcore-4.3.2.jar;C:\Users\ajay\.m2\repository\commons-codec\commons-codec\1.6\commons-codec-1.6.jar;C:\Users\ajay\.m2\repository\com\google\guava\guava\23.0\guava-23.0.jar;C:\Users\ajay\.m2\repository\com\google\code\findbugs\jsr305\1.3.9\jsr305-1.3.9.jar;C:\Users\ajay\.m2\repository\com\google\errorprone\error_prone_annotations\2.0.18\error_prone_annotations-2.0.18.jar;C:\Users\ajay\.m2\repository\com\google\j2objc\j2objc-annotations\1.1\j2objc-annotations-1.1.jar;C:\Users\ajay\.m2\repository\org\codehaus\mojo\animal-sniffer-annotations\1.14\animal-sniffer-annotations-1.14.jar;C:\Users\ajay\.m2\repository\cglib\cglib\3.1\cglib-3.1.jar;C:\Users\ajay\.m2\repository\org\ow2\asm\asm\4.2\asm-4.2.jar;C:\Users\ajay\.m2\repository\commons-validator\commons-validator\1.4.1\commons-validator-1.4.1.jar;C:\Users\ajay\.m2\repository\commons-beanutils\commons-beanutils\1.8.3\commons-beanutils-1.8.3.jar;C:\Users\ajay\.m2\repository\commons-digester\commons-digester\1.8.1\commons-digester-1.8.1.jar;C:\Users\ajay\.m2\repository\commons-collections\commons-collections\3.2.1\commons-collections-3.2.1.jar;C:\Users\ajay\.m2\repository\javax\mail\mail\1.4\mail-1.4.jar;C:\Users\ajay\.m2\repository\javax\activation\activation\1.1\activation-1.1.jar;C:\Users\ajay\.m2\repository\commons-io\commons-io\1.3.2\commons-io-1.3.2.jar;C:\Users\ajay\.m2\repository\net\sf\saxon\saxon\8.7\saxon-8.7.jar;"/>
    <property name="java.vm.vendor" value="Oracle Corporation"/>
    <property name="sun.arch.data.model" value="64"/>
    <property name="user.variant" value=""/>
    <property name="java.vendor.url" value="http://java.oracle.com/"/>
    <property name="user.timezone" value="Australia/Sydney"/>
    <property name="java.vm.specification.version" value="1.8"/>
    <property name="os.name" value="Windows 8.1"/>
    <property name="user.country" value="US"/>
    <property name="sun.java.launcher" value="SUN_STANDARD"/>
    <property name="sun.boot.library.path" value="C:\Program Files\Java\jdk1.8.0_05\jre\bin"/>
    <property name="sun.java.command" value="C:\Users\ajay\AppData\Local\Temp\surefire2029134304473092231\surefirebooter383054291293276030.jar C:\Users\ajay\AppData\Local\Temp\surefire2029134304473092231 2019-12-22T12-12-37_727-jvmRun1 surefire4702981609065148672tmp surefire_03173225445510642656tmp"/>
    <property name="surefire.test.class.path" value="D:\eclipseprojects\NationalGuardUSA\target\test-classes;D:\eclipseprojects\NationalGuardUSA\target\classes;C:\Users\ajay\.m2\repository\junit\junit\4.11\junit-4.11.jar;C:\Users\ajay\.m2\repository\org\hamcrest\hamcrest-core\1.3\hamcrest-core-1.3.jar;C:\Users\ajay\.m2\repository\org\apache\poi\poi\3.6\poi-3.6.jar;C:\Users\ajay\.m2\repository\commons-logging\commons-logging\1.1\commons-logging-1.1.jar;C:\Users\ajay\.m2\repository\logkit\logkit\1.0.1\logkit-1.0.1.jar;C:\Users\ajay\.m2\repository\avalon-framework\avalon-framework\4.1.3\avalon-framework-4.1.3.jar;C:\Users\ajay\.m2\repository\javax\servlet\servlet-api\2.3\servlet-api-2.3.jar;C:\Users\ajay\.m2\repository\log4j\log4j\1.2.13\log4j-1.2.13.jar;C:\Users\ajay\.m2\repository\org\apache\poi\poi-ooxml\3.6\poi-ooxml-3.6.jar;C:\Users\ajay\.m2\repository\org\apache\poi\poi-ooxml-schemas\3.6\poi-ooxml-schemas-3.6.jar;C:\Users\ajay\.m2\repository\org\apache\geronimo\specs\geronimo-stax-api_1.0_spec\1.0\geronimo-stax-api_1.0_spec-1.0.jar;C:\Users\ajay\.m2\repository\dom4j\dom4j\1.1\dom4j-1.1.jar;C:\Users\ajay\.m2\repository\org\apache\xmlbeans\xmlbeans\2.3.0\xmlbeans-2.3.0.jar;C:\Users\ajay\.m2\repository\stax\stax-api\1.0.1\stax-api-1.0.1.jar;C:\Users\ajay\.m2\repository\org\seleniumhq\selenium\selenium-java\3.141.59\selenium-java-3.141.59.jar;C:\Users\ajay\.m2\repository\org\seleniumhq\selenium\selenium-api\3.141.59\selenium-api-3.141.59.jar;C:\Users\ajay\.m2\repository\org\seleniumhq\selenium\selenium-chrome-driver\3.141.59\selenium-chrome-driver-3.141.59.jar;C:\Users\ajay\.m2\repository\org\seleniumhq\selenium\selenium-edge-driver\3.141.59\selenium-edge-driver-3.141.59.jar;C:\Users\ajay\.m2\repository\org\seleniumhq\selenium\selenium-firefox-driver\3.141.59\selenium-firefox-driver-3.141.59.jar;C:\Users\ajay\.m2\repository\org\seleniumhq\selenium\selenium-ie-driver\3.141.59\selenium-ie-driver-3.141.59.jar;C:\Users\ajay\.m2\repository\org\seleniumhq\selenium\selenium-opera-driver\3.141.59\selenium-opera-driver-3.141.59.jar;C:\Users\ajay\.m2\repository\org\seleniumhq\selenium\selenium-remote-driver\3.141.59\selenium-remote-driver-3.141.59.jar;C:\Users\ajay\.m2\repository\org\seleniumhq\selenium\selenium-safari-driver\3.141.59\selenium-safari-driver-3.141.59.jar;C:\Users\ajay\.m2\repository\org\seleniumhq\selenium\selenium-support\3.141.59\selenium-support-3.141.59.jar;C:\Users\ajay\.m2\repository\net\bytebuddy\byte-buddy\1.8.15\byte-buddy-1.8.15.jar;C:\Users\ajay\.m2\repository\org\apache\commons\commons-exec\1.3\commons-exec-1.3.jar;C:\Users\ajay\.m2\repository\com\squareup\okhttp3\okhttp\3.11.0\okhttp-3.11.0.jar;C:\Users\ajay\.m2\repository\com\squareup\okio\okio\1.14.0\okio-1.14.0.jar;C:\Users\ajay\.m2\repository\com\aventstack\extentreports\3.1.2\extentreports-3.1.2.jar;C:\Users\ajay\.m2\repository\org\freemarker\freemarker\2.3.23\freemarker-2.3.23.jar;C:\Users\ajay\.m2\repository\org\mongodb\mongodb-driver\3.3.0\mongodb-driver-3.3.0.jar;C:\Users\ajay\.m2\repository\org\mongodb\bson\3.3.0\bson-3.3.0.jar;C:\Users\ajay\.m2\repository\org\mongodb\mongodb-driver-core\3.3.0\mongodb-driver-core-3.3.0.jar;C:\Users\ajay\.m2\repository\org\apache\httpcomponents\httpmime\4.5.2\httpmime-4.5.2.jar;C:\Users\ajay\.m2\repository\org\jsoup\jsoup\1.9.2\jsoup-1.9.2.jar;C:\Users\ajay\.m2\repository\org\testng\testng\6.10\testng-6.10.jar;C:\Users\ajay\.m2\repository\com\beust\jcommander\1.48\jcommander-1.48.jar;C:\Users\ajay\.m2\repository\com\google\code\gson\gson\2.8.1\gson-2.8.1.jar;C:\Users\ajay\.m2\repository\org\apache\httpcomponents\httpclient\4.3.3\httpclient-4.3.3.jar;C:\Users\ajay\.m2\repository\org\apache\httpcomponents\httpcore\4.3.2\httpcore-4.3.2.jar;C:\Users\ajay\.m2\repository\commons-codec\commons-codec\1.6\commons-codec-1.6.jar;C:\Users\ajay\.m2\repository\com\google\guava\guava\23.0\guava-23.0.jar;C:\Users\ajay\.m2\repository\com\google\code\findbugs\jsr305\1.3.9\jsr305-1.3.9.jar;C:\Users\ajay\.m2\repository\com\google\errorprone\error_prone_annotations\2.0.18\error_prone_annotations-2.0.18.jar;C:\Users\ajay\.m2\repository\com\google\j2objc\j2objc-annotations\1.1\j2objc-annotations-1.1.jar;C:\Users\ajay\.m2\repository\org\codehaus\mojo\animal-sniffer-annotations\1.14\animal-sniffer-annotations-1.14.jar;C:\Users\ajay\.m2\repository\cglib\cglib\3.1\cglib-3.1.jar;C:\Users\ajay\.m2\repository\org\ow2\asm\asm\4.2\asm-4.2.jar;C:\Users\ajay\.m2\repository\commons-validator\commons-validator\1.4.1\commons-validator-1.4.1.jar;C:\Users\ajay\.m2\repository\commons-beanutils\commons-beanutils\1.8.3\commons-beanutils-1.8.3.jar;C:\Users\ajay\.m2\repository\commons-digester\commons-digester\1.8.1\commons-digester-1.8.1.jar;C:\Users\ajay\.m2\repository\commons-collections\commons-collections\3.2.1\commons-collections-3.2.1.jar;C:\Users\ajay\.m2\repository\javax\mail\mail\1.4\mail-1.4.jar;C:\Users\ajay\.m2\repository\javax\activation\activation\1.1\activation-1.1.jar;C:\Users\ajay\.m2\repository\commons-io\commons-io\1.3.2\commons-io-1.3.2.jar;C:\Users\ajay\.m2\repository\net\sf\saxon\saxon\8.7\saxon-8.7.jar;"/>
    <property name="sun.cpu.endian" value="little"/>
    <property name="user.home" value="C:\Users\ajay"/>
    <property name="user.language" value="en"/>
    <property name="java.specification.vendor" value="Oracle Corporation"/>
    <property name="java.home" value="C:\Program Files\Java\jdk1.8.0_05\jre"/>
    <property name="basedir" value="D:\eclipseprojects\NationalGuardUSA"/>
    <property name="file.separator" value="\"/>
    <property name="line.separator" value="&#10;"/>
    <property name="java.vm.specification.vendor" value="Oracle Corporation"/>
    <property name="java.specification.name" value="Java Platform API Specification"/>
    <property name="java.awt.graphicsenv" value="sun.awt.Win32GraphicsEnvironment"/>
    <property name="surefire.real.class.path" value="C:\Users\ajay\AppData\Local\Temp\surefire2029134304473092231\surefirebooter383054291293276030.jar"/>
    <property name="sun.boot.class.path" value="C:\Program Files\Java\jdk1.8.0_05\jre\lib\resources.jar;C:\Program Files\Java\jdk1.8.0_05\jre\lib\rt.jar;C:\Program Files\Java\jdk1.8.0_05\jre\lib\sunrsasign.jar;C:\Program Files\Java\jdk1.8.0_05\jre\lib\jsse.jar;C:\Program Files\Java\jdk1.8.0_05\jre\lib\jce.jar;C:\Program Files\Java\jdk1.8.0_05\jre\lib\charsets.jar;C:\Program Files\Java\jdk1.8.0_05\jre\lib\jfr.jar;C:\Program Files\Java\jdk1.8.0_05\jre\classes"/>
    <property name="user.script" value=""/>
    <property name="sun.management.compiler" value="HotSpot 64-Bit Tiered Compilers"/>
    <property name="java.runtime.version" value="1.8.0_05-b13"/>
    <property name="user.name" value="ajay"/>
    <property name="path.separator" value=";"/>
    <property name="os.version" value="6.3"/>
    <property name="java.endorsed.dirs" value="C:\Program Files\Java\jdk1.8.0_05\jre\lib\endorsed"/>
    <property name="java.runtime.name" value="Java(TM) SE Runtime Environment"/>
    <property name="file.encoding" value="Cp1252"/>
    <property name="java.vm.name" value="Java HotSpot(TM) 64-Bit Server VM"/>
    <property name="localRepository" value="C:\Users\ajay\.m2\repository"/>
    <property name="java.vendor.url.bug" value="http://bugreport.sun.com/bugreport/"/>
    <property name="java.io.tmpdir" value="C:\Users\ajay\AppData\Local\Temp\"/>
    <property name="java.version" value="1.8.0_05"/>
    <property name="user.dir" value="D:\eclipseprojects\NationalGuardUSA"/>
    <property name="os.arch" value="amd64"/>
    <property name="java.vm.specification.name" value="Java Virtual Machine Specification"/>
    <property name="java.awt.printerjob" value="sun.awt.windows.WPrinterJob"/>
    <property name="sun.os.patch.level" value=""/>
    <property name="java.library.path" value="C:\Program Files\Java\jdk1.8.0_05\jre\bin;C:\WINDOWS\Sun\Java\bin;C:\WINDOWS\system32;C:\WINDOWS;C:\ProgramData\Oracle\Java\javapath;C:\WINDOWS\system32;C:\WINDOWS;C:\WINDOWS\System32\Wbem;C:\WINDOWS\System32\WindowsPowerShell\v1.0\;C:\Program Files\Java\jdk1.8.0_05\bin;C:\Program Files (x86)\Windows Live\Shared;D:\apache-ant-1.10.0\bin;C:\Program Files (x86)\Common Files\Apple\Internet Services\;D:\dev\utils;C:\dev\utils\soap_demo_proj_axis\bin;C:\Program Files\MySQL\MySQL Utilities 1.6\;D:\mysql-shell-1.0.11-windows-x86-64bit\bin;D:\webdriver;C:\Program Files\Notepad++;C:\Program Files (x86)\Common Files\Adobe\AGL;C:\WINDOWS\System32\OpenSSH\;D:\apache-maven-3.5.4\bin;C:\Program Files\Git\cmd;C:\Users\ajay\AppData\Local\Microsoft\WindowsApps;;."/>
    <property name="java.vm.info" value="mixed mode"/>
    <property name="java.vendor" value="Oracle Corporation"/>
    <property name="java.vm.version" value="25.5-b02"/>
    <property name="java.ext.dirs" value="C:\Program Files\Java\jdk1.8.0_05\jre\lib\ext;C:\WINDOWS\Sun\Java\lib\ext"/>
    <property name="sun.io.unicode.encoding" value="UnicodeLittle"/>
    <property name="java.class.version" value="52.0"/>
  </properties>
  <testcase name="getStartedForm" classname="com.nationalguard.ddf.testcases.NationalGuardGetStarted" time="27.066"/>
  <testcase name="getStartedForm" classname="com.nationalguard.ddf.testcases.NationalGuardGetStarted" time="31.785"/>
  <testcase name="getStartedForm" classname="com.nationalguard.ddf.testcases.NationalGuardGetStarted" time="0">
    <skipped message="Test skipped since rumode is N"/>
  </testcase>
  <testcase name="fitnessCalculator" classname="com.nationalguard.ddf.testcases.FitnessCal" time="17.491"/>
  <testcase name="fitnessCalculator" classname="com.nationalguard.ddf.testcases.FitnessCal" time="24.521"/>
  <testcase name="weightCalculatorMale" classname="com.nationalguard.ddf.testcases.WeightCalculatorTest" time="17.901"/>
  <testcase name="weightCalculatorMale" classname="com.nationalguard.ddf.testcases.WeightCalculatorTest" time="35.714"/>
  <testcase name="guardpayEnlisted" classname="com.nationalguard.ddf.testcases.GuardPayTest" time="15.157">
    <failure message="element click intercepted: Element &lt;label for=&quot;current_status_1&quot; class=&quot;btn-outline&quot;&gt;...&lt;/label&gt; is not clickable at point (646, 471). Other element would receive the click: &lt;div id=&quot;loader&quot; class=&quot;align-self-middle text-center&quot;&gt;...&lt;/div&gt;&#10;  (Session info: chrome=79.0.3945.88)&#10;Build info: version: &apos;3.141.59&apos;, revision: &apos;e82be7d358&apos;, time: &apos;2018-11-14T08:17:03&apos;&#10;System info: host: &apos;AJAY-PC&apos;, ip: &apos;192.168.0.131&apos;, os.name: &apos;Windows 8.1&apos;, os.arch: &apos;amd64&apos;, os.version: &apos;6.3&apos;, java.version: &apos;1.8.0_05&apos;&#10;Driver info: org.openqa.selenium.chrome.ChromeDriver&#10;Capabilities {acceptInsecureCerts: false, browserName: chrome, browserVersion: 79.0.3945.88, chrome: {chromedriverVersion: 79.0.3945.36 (3582db32b3389..., userDataDir: C:\Users\ajay\AppData\Local...}, goog:chromeOptions: {debuggerAddress: localhost:57612}, javascriptEnabled: true, networkConnectionEnabled: false, pageLoadStrategy: normal, platform: WINDOWS, platformName: WINDOWS, proxy: Proxy(), setWindowRect: true, strictFileInteractability: false, timeouts: {implicit: 0, pageLoad: 300000, script: 30000}, unhandledPromptBehavior: dismiss and notify}&#10;Session ID: 8304c2d2b1eb9ce4ea70fffb52e7ce20" type="org.openqa.selenium.ElementClickInterceptedException"><![CDATA[org.openqa.selenium.ElementClickInterceptedException: 
element click intercepted: Element <label for="current_status_1" class="btn-outline">...</label> is not clickable at point (646, 471). Other element would receive the click: <div id="loader" class="align-self-middle text-center">...</div>
  (Session info: chrome=79.0.3945.88)
Build info: version: '3.141.59', revision: 'e82be7d358', time: '2018-11-14T08:17:03'
System info: host: 'AJAY-PC', ip: '192.168.0.131', os.name: 'Windows 8.1', os.arch: 'amd64', os.version: '6.3', java.version: '1.8.0_05'
Driver info: org.openqa.selenium.chrome.ChromeDriver
Capabilities {acceptInsecureCerts: false, browserName: chrome, browserVersion: 79.0.3945.88, chrome: {chromedriverVersion: 79.0.3945.36 (3582db32b3389..., userDataDir: C:\Users\ajay\AppData\Local...}, goog:chromeOptions: {debuggerAddress: localhost:57612}, javascriptEnabled: true, networkConnectionEnabled: false, pageLoadStrategy: normal, platform: WINDOWS, platformName: WINDOWS, proxy: Proxy(), setWindowRect: true, strictFileInteractability: false, timeouts: {implicit: 0, pageLoad: 300000, script: 30000}, unhandledPromptBehavior: dismiss and notify}
Session ID: 8304c2d2b1eb9ce4ea70fffb52e7ce20
	at com.nationalguard.ddf.testcases.GuardPayTest.guardpayEnlisted(GuardPayTest.java:42)
]]></failure>
    <system-out><![CDATA[Test starts from row - 17
Total rows are  - 2
Total cols are  - 5
]]></system-out>
    <system-err><![CDATA[Starting ChromeDriver 79.0.3945.36 (3582db32b33893869b8c1339e8f4d9ed1816f143-refs/branch-heads/3945@{#614}) on port 3325
Only local connections are allowed.
Please protect ports used by ChromeDriver and related test frameworks to prevent access by malicious code.
Dec 22, 2019 12:15:26 PM org.openqa.selenium.remote.ProtocolHandshake createSession
INFO: Detected dialect: W3C
]]></system-err>
  </testcase>
  <testcase name="guardpayEnlisted" classname="com.nationalguard.ddf.testcases.GuardPayTest" time="27.451"/>
</testsuite>