<?xml version="1.0" encoding="UTF-8"?>
<!-- Generated by org.testng.reporters.JUnitReportReporter -->
<testsuite name="com.nationalguard.ddf.testcases.WeightCalculatorTest" tests="2" time="56.033" ignored="0" failures="0" timestamp="22 Dec 2019 01:16:10 GMT" skipped="0" hostname="ajay-PC" errors="0">
  <testcase name="weightCalculatorMale" time="19.308" classname="com.nationalguard.ddf.testcases.WeightCalculatorTest"/>
  <testcase name="weightCalculatorMale" time="36.725" classname="com.nationalguard.ddf.testcases.WeightCalculatorTest"/>
</testsuite> <!-- com.nationalguard.ddf.testcases.WeightCalculatorTest -->
