<?xml version="1.0" encoding="UTF-8"?>
<!-- Generated by org.testng.reporters.JUnitReportReporter -->
<testsuite name="com.nationalguard.ddf.testcases.NationalGuardGetStarted" tests="3" time="62.627" ignored="0" failures="0" timestamp="22 Dec 2019 01:16:10 GMT" skipped="1" hostname="ajay-PC" errors="0">
  <testcase name="getStartedForm" time="27.138" classname="com.nationalguard.ddf.testcases.NationalGuardGetStarted"/>
  <testcase name="getStartedForm" time="2.351" classname="com.nationalguard.ddf.testcases.NationalGuardGetStarted">
    <skipped/>
  </testcase> <!-- getStartedForm -->
  <testcase name="getStartedForm" time="33.138" classname="com.nationalguard.ddf.testcases.NationalGuardGetStarted"/>
</testsuite> <!-- com.nationalguard.ddf.testcases.NationalGuardGetStarted -->
