<?xml version="1.0" encoding="UTF-8"?>
<!-- Generated by org.testng.reporters.JUnitReportReporter -->
<testsuite name="com.nationalguard.ddf.testcases.FitnessCal" tests="2" time="44.534" ignored="0" failures="0" timestamp="22 Dec 2019 01:16:10 GMT" skipped="0" hostname="ajay-PC" errors="0">
  <testcase name="fitnessCalculator" time="25.561" classname="com.nationalguard.ddf.testcases.FitnessCal"/>
  <testcase name="fitnessCalculator" time="18.973" classname="com.nationalguard.ddf.testcases.FitnessCal"/>
</testsuite> <!-- com.nationalguard.ddf.testcases.FitnessCal -->
